<?xml version="1.0" encoding="UTF-8"?>
<!-- Generated by org.testng.reporters.JUnitReportReporter -->
<testsuite hostname="DESKTOP-D4KP036" failures="0" tests="1" name="Test.home_test" time="17.135" errors="0" timestamp="2022-12-07T08:07:54 IST" skipped="0">
  <testcase classname="Test.home_test" name="AddProducts" time="17.135"/>
  <system-out/>
</testsuite> <!-- Test.home_test -->
