<?xml version="1.0" encoding="UTF-8"?>
<!-- Generated by org.testng.reporters.JUnitReportReporter -->
<testsuite hostname="DESKTOP-D4KP036" failures="0" tests="1" name="Test.login_test" time="27.404" errors="0" timestamp="2022-12-07T08:07:54 IST" skipped="0">
  <testcase classname="Test.login_test" name="ltest" time="27.404"/>
  <system-out/>
</testsuite> <!-- Test.login_test -->
