<?xml version="1.0" encoding="UTF-8"?>
<!-- Generated by org.testng.reporters.JUnitReportReporter -->
<testsuite hostname="DESKTOP-D4KP036" failures="0" tests="3" name="Sign_up.Test_ng" time="1.302" errors="0" timestamp="2022-11-21T13:10:07 IST" skipped="0">
  <testcase classname="Sign_up.Test_ng" name="Select_details" time="0.789"/>
  <system-out/>
  <testcase classname="Sign_up.Test_ng" name="Enter_details" time="0.421"/>
  <system-out/>
  <testcase classname="Sign_up.Test_ng" name="Choose_details" time="0.092"/>
  <system-out/>
</testsuite> <!-- Sign_up.Test_ng -->
