<?xml version="1.0" encoding="UTF-8"?>
<!-- Generated by org.testng.reporters.JUnitReportReporter -->
<testsuite hostname="DESKTOP-D4KP036" failures="0" tests="1" name="Sign_up.New" time="0.000" errors="0" timestamp="2022-12-01T09:03:09 IST" skipped="1">
  <testcase classname="Sign_up.New" name="Second_Step" time="0.000">
    <skipped/>
  </testcase> <!-- Second_Step -->
  <system-out/>
</testsuite> <!-- Sign_up.New -->
