<?xml version="1.0" encoding="UTF-8"?>
<!-- Generated by org.testng.reporters.JUnitReportReporter -->
<testsuite hostname="DESKTOP-D4KP036" failures="0" tests="1" name="Sel_01.Sel_001" time="0.396" errors="0" timestamp="2022-11-21T13:11:40 IST" skipped="0">
  <testcase classname="Sel_01.Sel_001" name="details" time="0.396"/>
  <system-out/>
</testsuite> <!-- Sel_01.Sel_001 -->
