<?xml version="1.0" encoding="UTF-8"?>
<!-- Generated by org.testng.reporters.JUnitReportReporter -->
<testsuite hostname="DESKTOP-D4KP036" failures="0" tests="2" name="Insta.Into" time="1.723" errors="0" timestamp="2022-11-28T19:13:42 IST" skipped="0">
  <testcase classname="Insta.Into" name="Second_Step" time="1.288"/>
  <system-out/>
  <testcase classname="Insta.Into" name="Second_Step" time="0.435"/>
  <system-out/>
</testsuite> <!-- Insta.Into -->
